<?xml version="1.0" encoding="UTF-8"?>
<coverage generated="1598962524233" clover="3.2.0">
  <project timestamp="1598962524233" name="All files">
    <metrics statements="7" coveredstatements="7" conditionals="2" coveredconditionals="2" methods="4" coveredmethods="4" elements="13" coveredelements="13" complexity="0" loc="7" ncloc="7" packages="2" files="3" classes="3">
      <package name="jest-in-practice">
        <metrics statements="2" coveredstatements="2" conditionals="0" coveredconditionals="0" methods="2" coveredmethods="2"/>
        <file name="div.js" path="/Users/brunolima/Developer/Git/react/curso-react-ninja/m02/jest-in-practice/div.js">
          <metrics statements="1" coveredstatements="1" conditionals="0" coveredconditionals="0" methods="1" coveredmethods="1"/>
          <line num="4" count="1" type="stmt"/>
        </file>
        <file name="sum.js" path="/Users/brunolima/Developer/Git/react/curso-react-ninja/m02/jest-in-practice/sum.js">
          <metrics statements="1" coveredstatements="1" conditionals="0" coveredconditionals="0" methods="1" coveredmethods="1"/>
          <line num="4" count="1" type="stmt"/>
        </file>
      </package>
      <package name="jest-in-practice.src.map">
        <metrics statements="5" coveredstatements="5" conditionals="2" coveredconditionals="2" methods="2" coveredmethods="2"/>
        <file name="map.js" path="/Users/brunolima/Developer/Git/react/curso-react-ninja/m02/jest-in-practice/src/map/map.js">
          <metrics statements="5" coveredstatements="5" conditionals="2" coveredconditionals="2" methods="2" coveredmethods="2"/>
          <line num="3" count="2" type="cond" truecount="2" falsecount="0"/>
          <line num="4" count="8" type="stmt"/>
          <line num="6" count="8" type="stmt"/>
          <line num="7" count="14" type="stmt"/>
          <line num="10" count="8" type="stmt"/>
        </file>
      </package>
    </metrics>
  </project>
</coverage>
