{"/Users/brunolima/Developer/Git/react/curso-react-ninja/m02/jest-in-practice/div.js": {"path":"/Users/brunolima/Developer/Git/react/curso-react-ninja/m02/jest-in-practice/div.js","statementMap":{"0":{"start":{"line":4,"column":2},"end":{"line":4,"column":10}}},"fnMap":{"0":{"name":"(anonymous_0)","decl":{"start":{"line":3,"column":15},"end":{"line":3,"column":16}},"loc":{"start":{"line":3,"column":21},"end":{"line":5,"column":1}},"line":3}},"branchMap":{},"s":{"0":1},"f":{"0":1},"b":{},"_coverageSchema":"332fd63041d2c1bcb487cc26dd0d5f7d97098a6c","hash":"a369e699c00cd1351aba678de2a461a1453976d1"}
,"/Users/brunolima/Developer/Git/react/curso-react-ninja/m02/jest-in-practice/sum.js": {"path":"/Users/brunolima/Developer/Git/react/curso-react-ninja/m02/jest-in-practice/sum.js","statementMap":{"0":{"start":{"line":4,"column":2},"end":{"line":4,"column":10}}},"fnMap":{"0":{"name":"(anonymous_0)","decl":{"start":{"line":3,"column":15},"end":{"line":3,"column":16}},"loc":{"start":{"line":3,"column":21},"end":{"line":5,"column":1}},"line":3}},"branchMap":{},"s":{"0":1},"f":{"0":1},"b":{},"_coverageSchema":"332fd63041d2c1bcb487cc26dd0d5f7d97098a6c","hash":"c44c04c9894e83c76180146e5c84d54eb73aef69"}
,"/Users/brunolima/Developer/Git/react/curso-react-ninja/m02/jest-in-practice/src/map/map.js": {"path":"/Users/brunolima/Developer/Git/react/curso-react-ninja/m02/jest-in-practice/src/map/map.js","statementMap":{"0":{"start":{"line":3,"column":12},"end":{"line":11,"column":1}},"1":{"start":{"line":3,"column":40},"end":{"line":3,"column":44}},"2":{"start":{"line":4,"column":15},"end":{"line":4,"column":17}},"3":{"start":{"line":6,"column":2},"end":{"line":8,"column":3}},"4":{"start":{"line":7,"column":4},"end":{"line":7,"column":37}},"5":{"start":{"line":10,"column":2},"end":{"line":10,"column":15}}},"fnMap":{"0":{"name":"(anonymous_0)","decl":{"start":{"line":3,"column":12},"end":{"line":3,"column":13}},"loc":{"start":{"line":3,"column":49},"end":{"line":11,"column":1}},"line":3},"1":{"name":"(anonymous_1)","decl":{"start":{"line":3,"column":30},"end":{"line":3,"column":31}},"loc":{"start":{"line":3,"column":40},"end":{"line":3,"column":44}},"line":3}},"branchMap":{"0":{"loc":{"start":{"line":3,"column":13},"end":{"line":3,"column":21}},"type":"default-arg","locations":[{"start":{"line":3,"column":19},"end":{"line":3,"column":21}}],"line":3},"1":{"loc":{"start":{"line":3,"column":23},"end":{"line":3,"column":44}},"type":"default-arg","locations":[{"start":{"line":3,"column":30},"end":{"line":3,"column":44}}],"line":3}},"s":{"0":1,"1":2,"2":8,"3":8,"4":14,"5":8},"f":{"0":8,"1":2},"b":{"0":[1],"1":[2]},"_coverageSchema":"332fd63041d2c1bcb487cc26dd0d5f7d97098a6c","hash":"59a3cb3611f8dd68d35ad8338f8b29d8f4e30379"}
}
