TN:
SF:/Users/brunolima/Developer/Git/react/curso-react-ninja/m02/jest-in-practice/div.js
FN:3,(anonymous_0)
FNF:1
FNH:1
FNDA:1,(anonymous_0)
DA:4,1
LF:1
LH:1
BRF:0
BRH:0
end_of_record
TN:
SF:/Users/brunolima/Developer/Git/react/curso-react-ninja/m02/jest-in-practice/sum.js
FN:3,(anonymous_0)
FNF:1
FNH:1
FNDA:1,(anonymous_0)
DA:4,1
LF:1
LH:1
BRF:0
BRH:0
end_of_record
TN:
SF:/Users/brunolima/Developer/Git/react/curso-react-ninja/m02/jest-in-practice/src/map/map.js
FN:3,(anonymous_0)
FN:3,(anonymous_1)
FNF:2
FNH:2
FNDA:8,(anonymous_0)
FNDA:2,(anonymous_1)
DA:3,2
DA:4,8
DA:6,8
DA:7,14
DA:10,8
LF:5
LH:5
BRDA:3,0,0,1
BRDA:3,1,0,2
BRF:2
BRH:2
end_of_record
